\BOOKMARK [1][-]{section.1}{\376\377\121\111\136\246\377\010\000L\000u\000m\000i\000n\000o\000s\000i\000t\000y\377\011}{}% 1
\BOOKMARK [1][-]{section.2}{\376\377\147\011\145\110\156\051\136\246\377\010\000E\000f\000f\000e\000c\000t\000i\000v\000e\000\040\000T\000e\000m\000p\000e\000r\000a\000t\000u\000r\000e\377\011}{}% 2
\BOOKMARK [1][-]{section.3}{\376\377\215\153\177\127\126\376\377\010\000H\040\023\000R\000\040\126\376\377\011}{}% 3
\BOOKMARK [1][-]{section.4}{\376\377\160\355\122\250\136\163\210\141\162\266\140\001\377\010\000T\000h\000e\000r\000m\000o\000d\000y\000n\000a\000m\000i\000c\000\040\000E\000q\000u\000i\000l\000i\000b\000r\000i\000u\000m\000,\000\040\000T\000E\377\011}{}% 4
\BOOKMARK [1][-]{section.5}{\376\377\000S\000a\000h\000a\000\040\121\154\137\017\377\010\165\065\171\273\136\163\210\141\377\011}{}% 5
\BOOKMARK [1][-]{section.6}{\376\377\163\273\134\024\121\171\146\374\122\006\136\003\377\010\157\300\123\321\136\163\210\141\377\011}{}% 6
\BOOKMARK [1][-]{section.7}{\376\377\146\156\147\027\121\113\122\006\136\003\121\375\145\160\377\010\236\321\117\123\217\220\134\004\377\011}{}% 7
\BOOKMARK [1][-]{section.8}{\376\377\124\070\145\066\174\373\145\160\377\010\000A\000b\000s\000o\000r\000p\000t\000i\000o\000n\000\040\000c\000o\000e\000f\000f\000i\000c\000i\000e\000n\000t\377\011}{}% 8
\BOOKMARK [1][-]{section.9}{\376\377\123\321\134\004\174\373\145\160\377\010\000E\000m\000i\000s\000s\000i\000o\000n\000\040\000c\000o\000e\000f\000f\000i\000c\000i\000e\000n\000t\377\011}{}% 9
\BOOKMARK [1][-]{section.10}{\376\377\121\111\201\364\165\065\171\273\377\010\000P\000h\000o\000t\000o\000i\000o\000n\000i\000z\000a\000t\000i\000o\000n\377\011}{}% 10
\BOOKMARK [1][-]{section.11}{\376\377\121\111\201\364\157\300\123\321\377\010\000P\000h\000o\000t\000o\000e\000x\000c\000i\000t\000a\000t\000i\000o\000n\377\011}{}% 11
\BOOKMARK [1][-]{section.12}{\376\377\201\352\165\061\040\023\201\352\165\061\124\070\145\066\377\010\000F\000r\000e\000e\000-\000f\000r\000e\000e\000\040\000/\000\040\000B\000r\000e\000m\000s\000s\000t\000r\000a\000h\000l\000u\000n\000g\000\040\000a\000b\000s\000o\000r\000p\000t\000i\000o\000n\377\011}{}% 12
\BOOKMARK [1][-]{section.13}{\376\377\121\111\133\146\155\361\136\246\377\010\000O\000p\000t\000i\000c\000a\000l\000\040\000d\000e\000p\000t\000h\377\011}{}% 13
\BOOKMARK [1][-]{section.14}{\376\377\121\111\133\120\166\204\201\352\165\061\172\013\377\010\000M\000e\000a\000n\000\040\000f\000r\000e\000e\000\040\000p\000a\000t\000h\377\011}{}% 14
\BOOKMARK [1][-]{section.15}{\376\377\116\015\220\017\146\016\136\246\166\204\137\256\211\302\162\151\164\006\217\307\172\013\377\010\000O\000p\000a\000c\000i\000t\000y\000\040\000m\000i\000c\000r\000o\000p\000h\000y\000s\000i\000c\000s\377\011}{}% 15
\BOOKMARK [1][-]{section.16}{\376\377\140\122\146\037\131\047\154\024\166\204\127\372\147\054\145\271\172\013\176\304}{}% 16
\BOOKMARK [1][-]{section.17}{\376\377\160\160\131\047\154\024\152\041\127\213\377\010\000G\000r\000e\000y\000\040\000a\000t\000m\000o\000s\000p\000h\000e\000r\000e\000\040\000m\000o\000d\000e\000l\377\011}{}% 17
\BOOKMARK [1][-]{section.18}{\376\377\160\160\131\047\154\024\152\041\127\213\166\204\156\051\136\246\122\006\136\003}{}% 18
\BOOKMARK [1][-]{section.19}{\376\377\131\052\226\063\116\064\217\271\146\017\146\227\163\260\214\141\377\010\000L\000i\000m\000b\000\040\000d\000a\000r\000k\000e\000n\000i\000n\000g\377\011}{}% 19
\BOOKMARK [1][-]{section.20}{\376\377\134\100\220\350\160\355\122\250\136\163\210\141\131\047\154\024\152\041\127\213\377\010\000L\000T\000E\377\011}{}% 20
\BOOKMARK [1][-]{section.21}{\376\377\154\042\123\237\133\120\152\041\127\213}{}% 21
\BOOKMARK [1][-]{section.22}{\376\377\217\336\176\355\124\070\145\066\166\204\147\145\156\220}{}% 22
\BOOKMARK [1][-]{section.23}{\376\377\124\070\145\066\176\277\166\204\116\247\165\037\147\072\122\066}{}% 23
\BOOKMARK [1][-]{section.24}{\376\377\214\061\176\277\217\156\136\323\377\010\000L\000i\000n\000e\000\040\000p\000r\000o\000f\000i\000l\000e\377\011}{}% 24
\BOOKMARK [1][-]{section.25}{\376\377\173\111\120\074\133\275\136\246\377\010\000E\000q\000u\000i\000v\000a\000l\000e\000n\000t\000\040\000w\000i\000d\000t\000h\377\011}{}% 25
\BOOKMARK [1][-]{section.26}{\376\377\214\061\176\277\201\364\133\275\147\072\122\066\377\010\000L\000i\000n\000e\000\040\000b\000r\000o\000a\000d\000e\000n\000i\000n\000g\000\040\000m\000e\000c\000h\000a\000n\000i\000s\000m\000s\377\011}{}% 26
\BOOKMARK [1][-]{section.27}{\376\377\000V\000o\000i\000g\000t\000\040\217\156\136\323\377\010\000V\000o\000i\000g\000t\000\040\000p\000r\000o\000f\000i\000l\000e\377\011}{}% 27
